


 ########  #          ######   #           #
 #         #         #      #   #         # 
 #####     #         #      #    #   #   #  
 #         #         #      #     # # # #   
 #         #######    ######       #   #    

Flow is a simulator for fully implicit three-phase black-oil flow, and is part of OPM.
For more information visit: https://opm-project.org 

Flow Version     =  2025.04 (Ubuntu 24.04.2 LTS: 2025.04-1~noble)
Machine name     =  TONISHI-DT (Number of logical cores: 32, Memory size: 128492.87 MB) 
Operating system =  Linux x86_64 (Kernel: 6.14.0-29-generic, #29~24.04.1-Ubuntu SMP PREEMPT_DYNAMIC Thu Aug 14 16:52:50 UTC 2 )
Build time       =  
User             =  tonishi
Simulation started on 29-09-2025 at 10:07:22 hrs
Using 1 MPI processes with 2 OMP threads on each 
Parameters used by Flow:
# [known parameters which were specified at run-time]
EclDeckFileName="CASE_2D_2.DATA" # default: ""
# [parameters which were specified at compile-time]
AcceleratorMode="none"
ActionParsingStrictness="normal"
AddCorners="0"
AllowDistributedWells="0"
AllowSplittingInactiveWells="1"
AlternativeWellRateInit="1"
CheckGroupConstraintsInnerWellIterations="1"
CheckSatfuncConsistency="0"
ContinueOnConvergenceError="0"
ConvergenceMonitoring="0"
ConvergenceMonitoringCutOff="6"
ConvergenceMonitoringDecayFactor="0.75"
CprReuseInterval="30"
CprReuseSetup="4"
DbhpMaxRel="1"
DebugEmitCellPartition="0"
DpMaxRel="0.3"
DsMax="0.2"
DwellFractionMax="0.2"
EclOutputDoublePrecision="0"
EclOutputInterval="-1"
EdgeWeightsMethod="1"
EnableAdaptiveTimeStepping="1"
EnableAsyncEclOutput="1"
EnableAsyncVtkOutput="1"
EnableDriftCompensation="0"
EnableDryRun="auto"
EnableEclOutput="1"
EnableEsmry="0"
EnableGravity="1"
EnableGridAdaptation="0"
EnableIntensiveQuantityCache="1"
EnableLoggingFalloutWarning="0"
EnableOpmRstFile="0"
EnableStorageCache="1"
EnableTerminalOutput="1"
EnableThermodynamicHints="0"
EnableTuning="0"
EnableVtkOutput="0"
EnableWellOperabilityCheck="1"
EnableWellOperabilityCheckIter="0"
EnableWriteAllSolutions="0"
EndTime="1e+100"
ExplicitRockCompaction="0"
ExternalPartition=""
ForceDisableFluidInPlaceOutput="0"
ForceDisableResvFluidInPlaceOutput="0"
FullTimeStepInitially="0"
GpuDeviceId="0"
IgnoreKeywords=""
IluFillinLevel="0"
IluRedblack="0"
IluRelaxation="0.9"
IluReorderSpheres="0"
ImbalanceTol="1.1"
InitialTimeStepInDays="1"
InitialTimeStepSize="86400"
InjMultDampMult="0.9"
InjMultMinDampFactor="0.05"
InjMultOscThreshold="0.1"
InputSkipMode="100"
LinearSolver="cprw"
LinearSolverIgnoreConvergenceFailure="0"
LinearSolverMaxIter="200"
LinearSolverPrintJsonDefinition="1"
LinearSolverReduction="0.01"
LinearSolverRestart="40"
LinearSolverVerbosity="0"
LoadFile=""
LoadStep="-1"
LocalDomainsOrderingMeasure="maxpressure"
LocalDomainsPartitionWellNeighborLevels="1"
LocalDomainsPartitioningImbalance="1.03"
LocalDomainsPartitioningMethod="zoltan"
LocalSolveApproach="gauss-seidel"
LocalToleranceScalingCnv="0.1"
LocalToleranceScalingMb="1"
LocalWellSolveControlSwitching="1"
MatrixAddWellContributions="0"
MaxInnerIterMsWells="100"
MaxInnerIterWells="50"
MaxLocalSolveIterations="20"
MaxNewtonIterationsWithInnerWellIterations="8"
MaxPressureChangeMsWells="1e+06"
MaxResidualAllowed="1e+07"
MaxSinglePrecisionDays="20"
MaxTemperatureChange="5"
MaxTimeStepDivisions="10"
MaxTimeStepSize="inf"
MaxWelleqIter="30"
MaximumNumberOfGroupSwitches="3"
MaximumNumberOfWellSwitches="3"
MaximumWaterSaturation="1"
MetisParams="default"
MiluVariant="ILU"
MinStrictCnvIter="-1"
MinStrictMbIter="-1"
MinTimeStepBasedOnNewtonIterations="0"
MinTimeStepBeforeShuttingProblematicWellsInDays="0.01"
MinTimeStepSize="0"
NetworkMaxOuterIterations="10"
NetworkMaxPressureUpdateInBars="5"
NetworkMaxStrictOuterIterations="10"
NetworkMaxSubIterations="20"
NetworkPressureUpdateDampingFactor="0.1"
NewtonMaxError="1e+100"
NewtonMaxIterations="20"
NewtonMaxRelax="0.5"
NewtonMinIterations="2"
NewtonRelaxationType="dampen"
NewtonTargetIterations="10"
NewtonTolerance="0.01"
NewtonVerbose="1"
NewtonWriteConvergence="0"
NlddLocalLinearSolver="ilu0"
NlddLocalLinearSolverMaxIter="200"
NlddLocalLinearSolverReduction="0.01"
NlddNumInitialNewtonIter="1"
NonlinearSolver="newton"
NumLocalDomains="0"
NumOverlap="1"
NumPressurePointsEquil="2000"
NumSatfuncConsistencySamplePoints="5"
NupcolGroupRateTolerance="0.001"
OpenclIluParallel="1"
OpenclPlatformId="0"
OutputDir=""
OutputExtraConvergenceInfo="none"
OutputInterval="1"
OutputMode="all"
OwnerCellsFirst="1"
ParameterFile=""
ParsingStrictness="normal"
PartitionMethod="3"
PreSolveNetwork="1"
PredeterminedTimeStepsFile=""
PressureMax="1e+99"
PressureMin="-1e+99"
PressureScale="1"
PriVarOscilationThreshold="1e-05"
PrintParameters="2"
ProjectSaturations="0"
RegularizationFactorWells="100"
RelaxedLinearSolverReduction="0.01"
RelaxedMaxPvFraction="0.03"
RelaxedPressureTolMsw="10000"
RelaxedWellFlowTol="0.001"
RestartTime="-1e+35"
RestartWritingInterval="16777215"
SaveFile=""
SaveStep=""
ScaleLinearSystem="0"
SchedRestart="0"
SerialPartitioning="0"
ShutUnsolvableWells="1"
Slave="0"
SolveWelleqInitially="1"
SolverContinueOnConvergenceFailure="0"
SolverGrowthFactor="2"
SolverMaxGrowth="3"
SolverMaxRestarts="10"
SolverMaxTimeStepInDays="365"
SolverMinTimeStep="1e-12"
SolverRestartFactor="0.33"
SolverVerbosity="1"
StrictInnerIterWells="40"
StrictOuterIterWells="6"
TemperatureMax="1e+09"
TemperatureMin="0"
ThreadsPerProcess="2"
TimeStepAfterEventInDays="-1"
TimeStepControl="pid+newtoniteration"
TimeStepControlDecayDampingFactor="1"
TimeStepControlDecayRate="0.75"
TimeStepControlFileName="timesteps"
TimeStepControlGrowthDampingFactor="3.2"
TimeStepControlGrowthRate="1.25"
TimeStepControlSafetyFactor="0.8"
TimeStepControlTargetIterations="30"
TimeStepControlTargetNewtonIterations="8"
TimeStepControlTolerance="0.1"
TimeStepVerbosity="1"
ToleranceCnv="0.01"
ToleranceCnvEnergy="0.01"
ToleranceCnvEnergyRelaxed="1"
ToleranceCnvRelaxed="1"
ToleranceEnergyBalance="1e-07"
ToleranceEnergyBalanceRelaxed="1e-06"
ToleranceMb="1e-07"
ToleranceMbRelaxed="1e-06"
TolerancePressureMsWells="1000"
ToleranceWellControl="1e-07"
ToleranceWells="0.0001"
UpdateEquationsScaling="0"
UseAverageDensityMsWells="0"
UseGmres="0"
UseImplicitIpr="1"
UseMultisegmentWell="1"
UseUpdateStabilization="1"
VtkWriteAverageMolarMasses="0"
VtkWriteDensities="1"
VtkWriteDiffusionCoefficients="0"
VtkWriteDofIndex="0"
VtkWriteEffectiveDiffusionCoefficients="0"
VtkWriteExtrusionFactor="0"
VtkWriteFilterVelocities="0"
VtkWriteFugacities="0"
VtkWriteFugacityCoeffs="0"
VtkWriteGasDissolutionFactor="0"
VtkWriteGasFormationVolumeFactor="0"
VtkWriteGasSaturationPressure="0"
VtkWriteIntrinsicPermeabilities="0"
VtkWriteMassFractions="0"
VtkWriteMobilities="0"
VtkWriteMolarities="0"
VtkWriteMoleFractions="1"
VtkWriteOilFormationVolumeFactor="0"
VtkWriteOilSaturationPressure="0"
VtkWriteOilVaporizationFactor="0"
VtkWritePorosity="1"
VtkWritePotentialGradients="0"
VtkWritePressures="1"
VtkWritePrimaryVars="0"
VtkWritePrimaryVarsMeaning="0"
VtkWriteProcessRank="0"
VtkWriteRelativePermeabilities="1"
VtkWriteSaturatedGasOilVaporizationFactor="0"
VtkWriteSaturatedOilGasDissolutionFactor="0"
VtkWriteSaturationRatios="0"
VtkWriteSaturations="1"
VtkWriteTemperature="1"
VtkWriteTortuosities="0"
VtkWriteTotalMassFractions="0"
VtkWriteTotalMoleFractions="0"
VtkWriteTracerConcentration="0"
VtkWriteViscosities="0"
VtkWriteWaterFormationVolumeFactor="0"
WaterOnlyThreshold="1"
ZoltanImbalanceTol="1.1"
ZoltanParams="graph"
ZoltanPhgEdgeSizeThreshold="0.35"

Reading deck file 'CASE_2D_2.DATA'
    0 Reading RUNSPEC  in CASE_2D_2.DATA line 4
    1 Reading TITLE    in CASE_2D_2.DATA line 5
    2 Reading DIMENS   in CASE_2D_2.DATA line 8
    3 Reading OIL      in CASE_2D_2.DATA line 11
    4 Reading WATER    in CASE_2D_2.DATA line 13
    5 Reading FIELD    in CASE_2D_2.DATA line 15
    6 Reading EQLDIMS  in CASE_2D_2.DATA line 17
    7 Reading TABDIMS  in CASE_2D_2.DATA line 20
    8 Reading WELLDIMS in CASE_2D_2.DATA line 23
    9 Reading NUPCOL   in CASE_2D_2.DATA line 26
   10 Reading START    in CASE_2D_2.DATA line 30
   11 Reading UNIFOUT  in CASE_2D_2.DATA line 33
   12 Reading GRID     in CASE_2D_2.DATA line 35
   13 Reading GRIDFILE in CASE_2D_2.DATA line 37
   14 Reading INIT     in CASE_2D_2.DATA line 40
   15 Reading DX       in CASE_2D_2.DATA line 42
   16 Reading DY       in CASE_2D_2.DATA line 44
   17 Reading DZ       in CASE_2D_2.DATA line 46
   18 Reading PORO     in CASE_2D_2.DATA line 48
   19 Reading TOPS     in CASE_2D_2.DATA line 50
   20 Reading PERMX    in /home/tonishi/Workdir/repos/reservoir_simulation_surrogate_modeling/dataset/2D_OW/INCLUDE/PERMX_2.GRDECL line 1
   21 Reading COPY     in CASE_2D_2.DATA line 59
   22 Reading ACTNUM   in CASE_2D_2.DATA line 64
   23 Reading EDIT     in CASE_2D_2.DATA line 72
   24 Reading PROPS    in CASE_2D_2.DATA line 75
   25 Reading SWFN     in CASE_2D_2.DATA line 81
   26 Reading SOF2     in CASE_2D_2.DATA line 92
   27 Reading PVTW     in CASE_2D_2.DATA line 102
   28 Reading PVDO     in CASE_2D_2.DATA line 105
   29 Reading ROCK     in CASE_2D_2.DATA line 110
   30 Reading DENSITY  in CASE_2D_2.DATA line 113
   31 Reading REGIONS  in CASE_2D_2.DATA line 117
   32 Reading SATNUM   in CASE_2D_2.DATA line 119
   33 Reading SOLUTION in CASE_2D_2.DATA line 123
   34 Reading PRESSURE in CASE_2D_2.DATA line 125
   35 Reading SWAT     in CASE_2D_2.DATA line 129
   36 Reading RPTRST   in CASE_2D_2.DATA line 132
   37 Reading SUMMARY  in CASE_2D_2.DATA line 135
   38 Reading FOPR     in CASE_2D_2.DATA line 137
   39 Reading FWPR     in CASE_2D_2.DATA line 138
   40 Reading FPR      in CASE_2D_2.DATA line 139
   41 Reading FWCT     in CASE_2D_2.DATA line 140
   42 Reading FOPT     in CASE_2D_2.DATA line 141
   43 Reading FWPT     in CASE_2D_2.DATA line 142
   44 Reading WBHP     in CASE_2D_2.DATA line 144
   45 Reading WOPR     in CASE_2D_2.DATA line 146
   46 Reading WWIR     in CASE_2D_2.DATA line 148
   47 Reading WWPR     in CASE_2D_2.DATA line 150
   48 Reading WWCT     in CASE_2D_2.DATA line 152
   49 Reading SCHEDULE in CASE_2D_2.DATA line 155
   50 Reading RPTRST   in CASE_2D_2.DATA line 157
   51 Reading RPTSCHED in CASE_2D_2.DATA line 160
   52 Reading WELSPECS in CASE_2D_2.DATA line 163
   53 Reading COMPDAT  in CASE_2D_2.DATA line 168
   54 Reading WCONINJE in CASE_2D_2.DATA line 173
   55 Reading WCONPROD in CASE_2D_2.DATA line 177
   56 Reading TSTEP    in CASE_2D_2.DATA line 182

Warning: Unsupported keywords or keyword items:

  GRIDFILE: invalid value '2' for item 1
  In file: CASE_2D_2.DATA, line 37
  GRIDFILE(NGRID): output of GRID file is not supported.
Minimum NUPCOL value is 6 - see keyword MINNPCOL to adjust the minimum value

Creating grid from keywords DX, DY, DZ and TOPS
2 fluid phases are active

Warning: Error in keyword RPTRST, unrecognized mnemonic PRESSURE
In CASE_2D_2.DATA line 132.

Processing dynamic information from
CASE_2D_2.DATA line 155
Initializing report step 0/20 at 2000-01-01 0 DAYS line 155
Processing keyword RPTRST at line 157

Warning: Error in keyword RPTRST, unrecognized mnemonic PRESSURE
In CASE_2D_2.DATA line 157.
Processing keyword RPTSCHED at line 160
Processing keyword WELSPECS at line 163
Processing keyword COMPDAT at line 168
Processing keyword WCONINJE at line 173
Processing keyword WCONPROD at line 177
Complete report step 1 (182.5 DAYS) at 2000-07-01 (0 DAYS)

Initializing report step 2/20 at 2000-07-01 (0 DAYS) line 182
Complete report step 2 (182.5 DAYS) at 2000-12-31 (182.5 DAYS)

Initializing report step 3/20 at 2000-12-31 (182.5 DAYS) line 182
Complete report step 3 (182.5 DAYS) at 2001-07-01 (365 DAYS)

Initializing report step 4/20 at 2001-07-01 (365 DAYS) line 182
Complete report step 4 (182.5 DAYS) at 2001-12-31 (547.5 DAYS)

Initializing report step 5/20 at 2001-12-31 (547.5 DAYS) line 182
Complete report step 5 (182.5 DAYS) at 2002-07-01 (730 DAYS)
Report limit reached, see PRT-file for remaining Schedule initialization.

Initializing report step 6/20 at 2002-07-01 (730 DAYS) line 182
Complete report step 6 (182.5 DAYS) at 2002-12-31 (912.5 DAYS)

Initializing report step 7/20 at 2002-12-31 (912.5 DAYS) line 182
Complete report step 7 (182.5 DAYS) at 2003-07-01 (1095 DAYS)

Initializing report step 8/20 at 2003-07-01 (1095 DAYS) line 182
Complete report step 8 (182.5 DAYS) at 2003-12-31 (1277.5 DAYS)

Initializing report step 9/20 at 2003-12-31 (1277.5 DAYS) line 182
Complete report step 9 (182.5 DAYS) at 2004-06-30 (1460 DAYS)

Initializing report step 10/20 at 2004-06-30 (1460 DAYS) line 182
Complete report step 10 (182.5 DAYS) at 2004-12-30 (1642.5 DAYS)

Initializing report step 11/20 at 2004-12-30 (1642.5 DAYS) line 182
Complete report step 11 (182.5 DAYS) at 2005-06-30 (1825 DAYS)

Initializing report step 12/20 at 2005-06-30 (1825 DAYS) line 182
Complete report step 12 (182.5 DAYS) at 2005-12-30 (2007.5 DAYS)

Initializing report step 13/20 at 2005-12-30 (2007.5 DAYS) line 182
Complete report step 13 (182.5 DAYS) at 2006-06-30 (2190 DAYS)

Initializing report step 14/20 at 2006-06-30 (2190 DAYS) line 182
Complete report step 14 (182.5 DAYS) at 2006-12-30 (2372.5 DAYS)

Initializing report step 15/20 at 2006-12-30 (2372.5 DAYS) line 182
Complete report step 15 (182.5 DAYS) at 2007-06-30 (2555 DAYS)

Initializing report step 16/20 at 2007-06-30 (2555 DAYS) line 182
Complete report step 16 (182.5 DAYS) at 2007-12-30 (2737.5 DAYS)

Initializing report step 17/20 at 2007-12-30 (2737.5 DAYS) line 182
Complete report step 17 (182.5 DAYS) at 2008-06-29 (2920 DAYS)

Initializing report step 18/20 at 2008-06-29 (2920 DAYS) line 182
Complete report step 18 (182.5 DAYS) at 2008-12-29 (3102.5 DAYS)

Initializing report step 19/20 at 2008-12-29 (3102.5 DAYS) line 182
Complete report step 19 (182.5 DAYS) at 2009-06-29 (3285 DAYS)

Initializing report step 20/20 at 2009-06-29 (3285 DAYS) line 182
Complete report step 20 (182.5 DAYS) at 2009-12-29 (3467.5 DAYS)


Processing grid
Total number of active cells: 441 / total pore volume: 392727 RB

Property tree for linear solvers:
{
    "maxiter": "20",
    "tol": "0.0050000000000000001",
    "verbosity": "0",
    "solver": "bicgstab",
    "preconditioner": {
        "type": "cprw",
        "use_well_weights": "false",
        "add_wells": "true",
        "weight_type": "trueimpes",
        "pre_smooth": "0",
        "post_smooth": "1",
        "finesmoother": {
            "type": "ParOverILU0",
            "relaxation": "1"
        },
        "verbosity": "0",
        "coarsesolver": {
            "maxiter": "1",
            "tol": "0.10000000000000001",
            "solver": "loopsolver",
            "verbosity": "0",
            "preconditioner": {
                "type": "amg",
                "alpha": "0.33333333333300003",
                "relaxation": "1",
                "iterations": "1",
                "coarsenTarget": "1200",
                "pre_smooth": "1",
                "post_smooth": "1",
                "beta": "0",
                "smoother": "ILU0",
                "verbosity": "0",
                "maxlevel": "15",
                "skip_isolated": "0",
                "accumulate": "1",
                "prolongationdamping": "1",
                "maxdistance": "2",
                "maxconnectivity": "15",
                "maxaggsize": "6",
                "minaggsize": "4"
            }
        }
    }
}


===============Saturation Functions Diagnostics===============

System: Oil-Water system.
Relative permeability input format: Saturation Family II.
Number of saturation regions: 1



================ Starting main simulation loop ===============


Report step  0/20 at day 0/3650, date = 01-Jan-2000

Warning: Keyword 'BG' is unhandled for output to restart file.

Warning: Keyword 'KRG' is unhandled for output to restart file.

Warning: Keyword 'VGAS' is unhandled for output to restart file.
Using Newton nonlinear solver.

Starting time step 0, stepsize 1 days, at day 0/182.5, date = 01-Jan-2000
Restart file written for report step  0/20, date = 01-Jan-2000 00:00:00
 Newton its= 3, linearizations= 4 (0.0sec), linear its=  2 (0.0sec)

Starting time step 1, stepsize 3 days, at day 1/182.5, date = 02-Jan-2000
 Newton its= 2, linearizations= 3 (0.0sec), linear its=  1 (0.0sec)

Starting time step 2, stepsize 6.21445 days, at day 4/182.5, date = 05-Jan-2000
 Newton its= 2, linearizations= 3 (0.0sec), linear its=  2 (0.0sec)

Starting time step 3, stepsize 16.6187 days, at day 10.2145/182.5, date = 11-Jan-2000
 Newton its= 3, linearizations= 4 (0.0sec), linear its=  3 (0.0sec)

Starting time step 4, stepsize 36.5029 days, at day 26.8332/182.5, date = 27-Jan-2000
 Newton its= 3, linearizations= 4 (0.0sec), linear its=  3 (0.0sec)

Starting time step 5, stepsize 59.4977 days, at day 63.3361/182.5, date = 04-Mar-2000
 Newton its= 4, linearizations= 5 (0.0sec), linear its=  5 (0.0sec)

Starting time step 6, stepsize 59.6662 days, at day 122.834/182.5, date = 02-May-2000

Warning: Keyword 'BG' is unhandled for output to restart file.

Warning: Keyword 'FLOOIL' is unhandled for output to restart file.

Warning: Keyword 'FLOWAT' is unhandled for output to restart file.

Warning: Keyword 'KRG' is unhandled for output to restart file.

Warning: Keyword 'VGAS' is unhandled for output to restart file.
 Newton its= 3, linearizations= 4 (0.0sec), linear its=  3 (0.0sec)


Report step  1/20 at day 182.5/3650, date = 01-Jul-2000

Starting time step 0, stepsize 99.6382 days, at day 182.5/365, date = 01-Jul-2000
Restart file written for report step  1/20, date = 01-Jul-2000 12:00:00
 Newton its= 2, linearizations= 3 (0.0sec), linear its=  2 (0.0sec)

Starting time step 1, stepsize 82.8618 days, at day 282.138/365, date = 09-Oct-2000

Warning: Keyword 'BG' is unhandled for output to restart file.

Warning: Keyword 'FLOOIL' is unhandled for output to restart file.

Warning: Keyword 'FLOWAT' is unhandled for output to restart file.

Warning: Keyword 'KRG' is unhandled for output to restart file.

Warning: Keyword 'VGAS' is unhandled for output to restart file.
 Newton its= 3, linearizations= 4 (0.0sec), linear its=  4 (0.0sec)


Report step  2/20 at day 365/3650, date = 31-Dec-2000

Starting time step 0, stepsize 91.25 days, at day 365/547.5, date = 31-Dec-2000
Restart file written for report step  2/20, date = 31-Dec-2000 00:00:00
 Newton its= 3, linearizations= 4 (0.0sec), linear its=  3 (0.0sec)

Starting time step 1, stepsize 91.25 days, at day 456.25/547.5, date = 01-Apr-2001

Warning: Keyword 'BG' is unhandled for output to restart file.

Warning: Keyword 'FLOOIL' is unhandled for output to restart file.

Warning: Keyword 'FLOWAT' is unhandled for output to restart file.

Warning: Keyword 'KRG' is unhandled for output to restart file.

Warning: Keyword 'VGAS' is unhandled for output to restart file.
 Newton its= 2, linearizations= 3 (0.0sec), linear its=  2 (0.0sec)


Report step  3/20 at day 547.5/3650, date = 01-Jul-2001

Starting time step 0, stepsize 91.25 days, at day 547.5/730, date = 01-Jul-2001
Restart file written for report step  3/20, date = 01-Jul-2001 12:00:00
 Newton its= 3, linearizations= 4 (0.0sec), linear its=  3 (0.0sec)

Starting time step 1, stepsize 91.25 days, at day 638.75/730, date = 30-Sep-2001

Warning: Keyword 'BG' is unhandled for output to restart file.

Warning: Keyword 'FLOOIL' is unhandled for output to restart file.

Warning: Keyword 'FLOWAT' is unhandled for output to restart file.

Warning: Keyword 'KRG' is unhandled for output to restart file.

Warning: Keyword 'VGAS' is unhandled for output to restart file.
 Newton its= 3, linearizations= 4 (0.0sec), linear its=  3 (0.0sec)


Report step  4/20 at day 730/3650, date = 31-Dec-2001

Starting time step 0, stepsize 91.25 days, at day 730/912.5, date = 31-Dec-2001
Restart file written for report step  4/20, date = 31-Dec-2001 00:00:00
 Newton its= 2, linearizations= 3 (0.0sec), linear its=  2 (0.0sec)

Starting time step 1, stepsize 91.25 days, at day 821.25/912.5, date = 01-Apr-2002

Warning: Keyword 'BG' is unhandled for output to restart file.

Warning: Keyword 'FLOOIL' is unhandled for output to restart file.

Warning: Keyword 'FLOWAT' is unhandled for output to restart file.

Warning: Keyword 'KRG' is unhandled for output to restart file.

Warning: Keyword 'VGAS' is unhandled for output to restart file.
 Newton its= 2, linearizations= 3 (0.0sec), linear its=  2 (0.0sec)


Report step  5/20 at day 912.5/3650, date = 01-Jul-2002

Starting time step 0, stepsize 91.25 days, at day 912.5/1095, date = 01-Jul-2002
Restart file written for report step  5/20, date = 01-Jul-2002 12:00:00
    Oscillating behavior detected: Relaxation set to 0.900000
    Oscillating behavior detected: Relaxation set to 0.800000
 Newton its=14, linearizations=15 (0.0sec), linear its= 13 (0.0sec)

Starting time step 1, stepsize 52.1429 days, at day 1003.75/1095, date = 30-Sep-2002
 Newton its= 2, linearizations= 3 (0.0sec), linear its=  2 (0.0sec)

Starting time step 2, stepsize 39.1071 days, at day 1055.89/1095, date = 21-Nov-2002

Warning: Keyword 'BG' is unhandled for output to restart file.

Warning: Keyword 'FLOOIL' is unhandled for output to restart file.

Warning: Keyword 'FLOWAT' is unhandled for output to restart file.

Warning: Keyword 'KRG' is unhandled for output to restart file.

Warning: Keyword 'VGAS' is unhandled for output to restart file.
 Newton its= 2, linearizations= 3 (0.0sec), linear its=  2 (0.0sec)


Report step  6/20 at day 1095/3650, date = 31-Dec-2002

Starting time step 0, stepsize 103.917 days, at day 1095/1277.5, date = 31-Dec-2002
Restart file written for report step  6/20, date = 31-Dec-2002 00:00:00
 Newton its= 2, linearizations= 3 (0.0sec), linear its=  2 (0.0sec)

Starting time step 1, stepsize 78.5832 days, at day 1198.92/1277.5, date = 13-Apr-2003

Warning: Keyword 'BG' is unhandled for output to restart file.

Warning: Keyword 'FLOOIL' is unhandled for output to restart file.

Warning: Keyword 'FLOWAT' is unhandled for output to restart file.

Warning: Keyword 'KRG' is unhandled for output to restart file.

Warning: Keyword 'VGAS' is unhandled for output to restart file.
 Newton its= 3, linearizations= 4 (0.0sec), linear its=  3 (0.0sec)


Report step  7/20 at day 1277.5/3650, date = 01-Jul-2003

Starting time step 0, stepsize 182.5 days, at day 1277.5/1460, date = 01-Jul-2003
Restart file written for report step  7/20, date = 01-Jul-2003 12:00:00

Warning: Keyword 'BG' is unhandled for output to restart file.

Warning: Keyword 'FLOOIL' is unhandled for output to restart file.

Warning: Keyword 'FLOWAT' is unhandled for output to restart file.

Warning: Keyword 'KRG' is unhandled for output to restart file.

Warning: Keyword 'VGAS' is unhandled for output to restart file.
 Newton its= 3, linearizations= 4 (0.0sec), linear its=  3 (0.0sec)


Report step  8/20 at day 1460/3650, date = 31-Dec-2003

Starting time step 0, stepsize 182.5 days, at day 1460/1642.5, date = 31-Dec-2003
Restart file written for report step  8/20, date = 31-Dec-2003 00:00:00

Warning: Keyword 'BG' is unhandled for output to restart file.

Warning: Keyword 'FLOOIL' is unhandled for output to restart file.

Warning: Keyword 'FLOWAT' is unhandled for output to restart file.

Warning: Keyword 'KRG' is unhandled for output to restart file.

Warning: Keyword 'VGAS' is unhandled for output to restart file.
 Newton its= 3, linearizations= 4 (0.0sec), linear its=  3 (0.0sec)


Report step  9/20 at day 1642.5/3650, date = 30-Jun-2004

Starting time step 0, stepsize 182.5 days, at day 1642.5/1825, date = 30-Jun-2004
Restart file written for report step  9/20, date = 30-Jun-2004 12:00:00

Warning: Keyword 'BG' is unhandled for output to restart file.

Warning: Keyword 'FLOOIL' is unhandled for output to restart file.

Warning: Keyword 'FLOWAT' is unhandled for output to restart file.

Warning: Keyword 'KRG' is unhandled for output to restart file.

Warning: Keyword 'VGAS' is unhandled for output to restart file.
 Newton its= 3, linearizations= 4 (0.0sec), linear its=  3 (0.0sec)


Report step 10/20 at day 1825/3650, date = 30-Dec-2004

Starting time step 0, stepsize 182.5 days, at day 1825/2007.5, date = 30-Dec-2004
Restart file written for report step 10/20, date = 30-Dec-2004 00:00:00

Warning: Keyword 'BG' is unhandled for output to restart file.

Warning: Keyword 'FLOOIL' is unhandled for output to restart file.

Warning: Keyword 'FLOWAT' is unhandled for output to restart file.

Warning: Keyword 'KRG' is unhandled for output to restart file.

Warning: Keyword 'VGAS' is unhandled for output to restart file.
 Newton its= 2, linearizations= 3 (0.0sec), linear its=  2 (0.0sec)


Report step 11/20 at day 2007.5/3650, date = 30-Jun-2005

Starting time step 0, stepsize 182.5 days, at day 2007.5/2190, date = 30-Jun-2005
Restart file written for report step 11/20, date = 30-Jun-2005 12:00:00

Warning: Keyword 'BG' is unhandled for output to restart file.

Warning: Keyword 'FLOOIL' is unhandled for output to restart file.

Warning: Keyword 'FLOWAT' is unhandled for output to restart file.

Warning: Keyword 'KRG' is unhandled for output to restart file.

Warning: Keyword 'VGAS' is unhandled for output to restart file.
 Newton its= 2, linearizations= 3 (0.0sec), linear its=  2 (0.0sec)


Report step 12/20 at day 2190/3650, date = 30-Dec-2005

Starting time step 0, stepsize 182.5 days, at day 2190/2372.5, date = 30-Dec-2005
Restart file written for report step 12/20, date = 30-Dec-2005 00:00:00

Warning: Keyword 'BG' is unhandled for output to restart file.

Warning: Keyword 'FLOOIL' is unhandled for output to restart file.

Warning: Keyword 'FLOWAT' is unhandled for output to restart file.

Warning: Keyword 'KRG' is unhandled for output to restart file.

Warning: Keyword 'VGAS' is unhandled for output to restart file.
 Newton its= 2, linearizations= 3 (0.0sec), linear its=  2 (0.0sec)


Report step 13/20 at day 2372.5/3650, date = 30-Jun-2006

Starting time step 0, stepsize 182.5 days, at day 2372.5/2555, date = 30-Jun-2006
Restart file written for report step 13/20, date = 30-Jun-2006 12:00:00

Warning: Keyword 'BG' is unhandled for output to restart file.

Warning: Keyword 'FLOOIL' is unhandled for output to restart file.

Warning: Keyword 'FLOWAT' is unhandled for output to restart file.

Warning: Keyword 'KRG' is unhandled for output to restart file.

Warning: Keyword 'VGAS' is unhandled for output to restart file.
 Newton its= 2, linearizations= 3 (0.0sec), linear its=  2 (0.0sec)


Report step 14/20 at day 2555/3650, date = 30-Dec-2006

Starting time step 0, stepsize 182.5 days, at day 2555/2737.5, date = 30-Dec-2006
Restart file written for report step 14/20, date = 30-Dec-2006 00:00:00

Warning: Keyword 'BG' is unhandled for output to restart file.

Warning: Keyword 'FLOOIL' is unhandled for output to restart file.

Warning: Keyword 'FLOWAT' is unhandled for output to restart file.

Warning: Keyword 'KRG' is unhandled for output to restart file.

Warning: Keyword 'VGAS' is unhandled for output to restart file.
 Newton its= 3, linearizations= 4 (0.0sec), linear its=  3 (0.0sec)


Report step 15/20 at day 2737.5/3650, date = 30-Jun-2007

Starting time step 0, stepsize 182.5 days, at day 2737.5/2920, date = 30-Jun-2007
Restart file written for report step 15/20, date = 30-Jun-2007 12:00:00

Warning: Keyword 'BG' is unhandled for output to restart file.

Warning: Keyword 'FLOOIL' is unhandled for output to restart file.

Warning: Keyword 'FLOWAT' is unhandled for output to restart file.

Warning: Keyword 'KRG' is unhandled for output to restart file.

Warning: Keyword 'VGAS' is unhandled for output to restart file.
 Newton its= 2, linearizations= 3 (0.0sec), linear its=  2 (0.0sec)


Report step 16/20 at day 2920/3650, date = 30-Dec-2007

Starting time step 0, stepsize 182.5 days, at day 2920/3102.5, date = 30-Dec-2007
Restart file written for report step 16/20, date = 30-Dec-2007 00:00:00

Warning: Keyword 'BG' is unhandled for output to restart file.

Warning: Keyword 'FLOOIL' is unhandled for output to restart file.

Warning: Keyword 'FLOWAT' is unhandled for output to restart file.

Warning: Keyword 'KRG' is unhandled for output to restart file.

Warning: Keyword 'VGAS' is unhandled for output to restart file.
 Newton its= 2, linearizations= 3 (0.0sec), linear its=  2 (0.0sec)


Report step 17/20 at day 3102.5/3650, date = 29-Jun-2008

Starting time step 0, stepsize 182.5 days, at day 3102.5/3285, date = 29-Jun-2008
Restart file written for report step 17/20, date = 29-Jun-2008 12:00:00

Warning: Keyword 'BG' is unhandled for output to restart file.

Warning: Keyword 'FLOOIL' is unhandled for output to restart file.

Warning: Keyword 'FLOWAT' is unhandled for output to restart file.

Warning: Keyword 'KRG' is unhandled for output to restart file.

Warning: Keyword 'VGAS' is unhandled for output to restart file.
 Newton its= 2, linearizations= 3 (0.0sec), linear its=  2 (0.0sec)


Report step 18/20 at day 3285/3650, date = 29-Dec-2008

Starting time step 0, stepsize 182.5 days, at day 3285/3467.5, date = 29-Dec-2008
Restart file written for report step 18/20, date = 29-Dec-2008 00:00:00

Warning: Keyword 'BG' is unhandled for output to restart file.

Warning: Keyword 'FLOOIL' is unhandled for output to restart file.

Warning: Keyword 'FLOWAT' is unhandled for output to restart file.

Warning: Keyword 'KRG' is unhandled for output to restart file.

Warning: Keyword 'VGAS' is unhandled for output to restart file.
 Newton its= 2, linearizations= 3 (0.0sec), linear its=  2 (0.0sec)


Report step 19/20 at day 3467.5/3650, date = 29-Jun-2009

Starting time step 0, stepsize 182.5 days, at day 3467.5/3650, date = 29-Jun-2009
Restart file written for report step 19/20, date = 29-Jun-2009 12:00:00

Warning: Keyword 'BG' is unhandled for output to restart file.

Warning: Keyword 'FLOOIL' is unhandled for output to restart file.

Warning: Keyword 'FLOWAT' is unhandled for output to restart file.

Warning: Keyword 'KRG' is unhandled for output to restart file.

Warning: Keyword 'VGAS' is unhandled for output to restart file.
 Newton its= 2, linearizations= 3 (0.0sec), linear its=  2 (0.0sec)

Restart file written for report step 20/20, date = 29-Dec-2009 00:00:00


================    End of simulation     ===============

Number of MPI processes:         1
Threads per MPI process:         2
Setup time:                      0.02 s
  Deck input:                    0.02 s
Number of timesteps:            33
Simulation time:                 0.10 s
  Assembly time:                 0.01 s (Wasted: 0.0 s; 0.0%)
    Well assembly:               0.00 s (Wasted: 0.0 s; 0.0%)
  Linear solve time:             0.06 s (Wasted: 0.0 s; 0.0%)
    Linear setup:                0.05 s (Wasted: 0.0 s; 0.0%)
  Props/update time:             0.01 s (Wasted: 0.0 s; 0.0%)
  Pre/post step:                 0.01 s (Wasted: 0.0 s; 0.0%)
  Output write time:             0.00 s
Overall Linearizations:        126      (Wasted:     0; 0.0%)
Overall Newton Iterations:      93      (Wasted:     0; 0.0%)
Overall Linear Iterations:      92      (Wasted:     0; 0.0%)



Error summary:
Warnings          106
Info              201
Errors            0
Bugs              0
Debug             0
Problems          0

